#
# There is insufficient memory for the Java Runtime Environment to continue.
# Native memory allocation (malloc) failed to allocate 32744 bytes for ChunkPool::allocate
# Possible reasons:
#   The system is out of physical RAM or swap space
#   The process is running with CompressedOops enabled, and the Java Heap may be blocking the growth of the native heap
# Possible solutions:
#   Reduce memory load on the system
#   Increase physical memory or swap space
#   Check if swap backing store is full
#   Decrease Java heap size (-Xmx/-Xms)
#   Decrease number of Java threads
#   Decrease Java thread stack sizes (-Xss)
#   Set larger code cache with -XX:ReservedCodeCacheSize=
#   JVM is running with Unscaled Compressed Oops mode in which the Java heap is
#     placed in the first 4GB address space. The Java Heap base address is the
#     maximum limit for the native heap growth. Please use -XX:HeapBaseMinAddress
#     to set the Java Heap base and to place the Java Heap above 4GB virtual address.
# This output file may be truncated or incomplete.
#
#  Out of Memory Error (arena.cpp:81), pid=4052, tid=7232
#
# JRE version: OpenJDK Runtime Environment Microsoft-8035250 (11.0.20+8) (build 11.0.20+8-LTS)
# Java VM: OpenJDK 64-Bit Server VM Microsoft-8035250 (11.0.20+8-LTS, mixed mode, tiered, compressed oops, g1 gc, windows-amd64)
# No core dump will be written. Minidumps are not enabled by default on client versions of Windows
#

---------------  S U M M A R Y ------------

Command Line: -Xmx64m -Xms64m -Dorg.gradle.appname=gradlew org.gradle.wrapper.GradleWrapperMain app:installDebug -PreactNativeDevServerPort=8081

Host: 11th Gen Intel(R) Core(TM) i5-11320H @ 3.20GHz, 8 cores, 15G,  Windows 11 , 64 bit Build 22000 (10.0.22000.2538)
Time: Sat Oct 28 05:18:18 2023 India Standard Time elapsed time: 52.271483 seconds (0d 0h 0m 52s)

---------------  T H R E A D  ---------------

Current thread (0x000001a171183000):  JavaThread "C1 CompilerThread0" daemon [_thread_in_native, id=7232, stack(0x0000000d1d300000,0x0000000d1d400000)]


Current CompileTask:
C1:  52271 1516   !   3       java.util.concurrent.ScheduledThreadPoolExecutor$DelayedWorkQueue::take (203 bytes)

Stack: [0x0000000d1d300000,0x0000000d1d400000]
Native frames: (J=compiled Java code, j=interpreted, Vv=VM code, C=native code)
V  [jvm.dll+0x62e9da]
V  [jvm.dll+0x7bc4e9]
V  [jvm.dll+0x7bdbd8]
V  [jvm.dll+0x7be2b3]
V  [jvm.dll+0x2505a8]
V  [jvm.dll+0xc289b]
V  [jvm.dll+0xc2bfc]
V  [jvm.dll+0x16c473]
V  [jvm.dll+0x16c540]
V  [jvm.dll+0x16ed6d]
V  [jvm.dll+0x1709d1]
V  [jvm.dll+0x12b1b5]
V  [jvm.dll+0x12aa2f]
V  [jvm.dll+0x12ac5f]
V  [jvm.dll+0x129f04]
V  [jvm.dll+0x12be17]
V  [jvm.dll+0x2181ec]
V  [jvm.dll+0x21642b]
V  [jvm.dll+0x77efc0]
V  [jvm.dll+0x777db4]
V  [jvm.dll+0x62d845]
C  [ucrtbase.dll+0x26c0c]
C  [KERNEL32.DLL+0x153e0]
C  [ntdll.dll+0x485b]


---------------  P R O C E S S  ---------------

Threads class SMR info:
_java_thread_list=0x000001a172106040, length=12, elements={
0x000001a1562b0800, 0x000001a171144800, 0x000001a17117b000, 0x000001a1711d7000,
0x000001a1711d9000, 0x000001a1711dc800, 0x000001a171180800, 0x000001a171183000,
0x000001a171187800, 0x000001a171453000, 0x000001a171457800, 0x000001a171458800
}

Java Threads: ( => current thread )
  0x000001a1562b0800 JavaThread "main" [_thread_in_native, id=20568, stack(0x0000000d1c600000,0x0000000d1c700000)]
  0x000001a171144800 JavaThread "Reference Handler" daemon [_thread_blocked, id=20000, stack(0x0000000d1cd00000,0x0000000d1ce00000)]
  0x000001a17117b000 JavaThread "Finalizer" daemon [_thread_blocked, id=22680, stack(0x0000000d1ce00000,0x0000000d1cf00000)]
  0x000001a1711d7000 JavaThread "Signal Dispatcher" daemon [_thread_blocked, id=2600, stack(0x0000000d1cf00000,0x0000000d1d000000)]
  0x000001a1711d9000 JavaThread "Attach Listener" daemon [_thread_blocked, id=17908, stack(0x0000000d1d000000,0x0000000d1d100000)]
  0x000001a1711dc800 JavaThread "Service Thread" daemon [_thread_blocked, id=17004, stack(0x0000000d1d100000,0x0000000d1d200000)]
  0x000001a171180800 JavaThread "C2 CompilerThread0" daemon [_thread_blocked, id=15732, stack(0x0000000d1d200000,0x0000000d1d300000)]
=>0x000001a171183000 JavaThread "C1 CompilerThread0" daemon [_thread_in_native, id=7232, stack(0x0000000d1d300000,0x0000000d1d400000)]
  0x000001a171187800 JavaThread "Sweeper thread" daemon [_thread_blocked, id=12044, stack(0x0000000d1d400000,0x0000000d1d500000)]
  0x000001a171453000 JavaThread "Common-Cleaner" daemon [_thread_blocked, id=8424, stack(0x0000000d1d600000,0x0000000d1d700000)]
  0x000001a171457800 JavaThread "pool-1-thread-1" [_thread_blocked, id=11056, stack(0x0000000d1d800000,0x0000000d1d900000)]
  0x000001a171458800 JavaThread "Forward input" [_thread_blocked, id=17972, stack(0x0000000d1da00000,0x0000000d1db00000)]

Other Threads:
  0x000001a171141800 VMThread "VM Thread" [stack: 0x0000000d1cc00000,0x0000000d1cd00000] [id=12780]
  0x000001a171446000 WatcherThread [stack: 0x0000000d1d500000,0x0000000d1d600000] [id=3608]
  0x000001a1562ca000 GCTaskThread "GC Thread#0" [stack: 0x0000000d1c700000,0x0000000d1c800000] [id=11120]
  0x000001a171f8a000 GCTaskThread "GC Thread#1" [stack: 0x0000000d1d700000,0x0000000d1d800000] [id=6616]
  0x000001a1562cf800 ConcurrentGCThread "G1 Main Marker" [stack: 0x0000000d1c800000,0x0000000d1c900000] [id=20216]
  0x000001a1562d1000 ConcurrentGCThread "G1 Conc#0" [stack: 0x0000000d1c900000,0x0000000d1ca00000] [id=8056]
  0x000001a15633b000 ConcurrentGCThread "G1 Refine#0" [stack: 0x0000000d1ca00000,0x0000000d1cb00000] [id=20812]
  0x000001a15633c000 ConcurrentGCThread "G1 Young RemSet Sampling" [stack: 0x0000000d1cb00000,0x0000000d1cc00000] [id=10868]

Threads with active compile tasks:
C1 CompilerThread0    52341 1516   !   3       java.util.concurrent.ScheduledThreadPoolExecutor$DelayedWorkQueue::take (203 bytes)

VM state:not at safepoint (normal execution)

VM Mutex/Monitor currently owned by a thread: None

Heap address: 0x00000000fc000000, size: 64 MB, Compressed Oops mode: 32-bit
Narrow klass base: 0x0000000000000000, Narrow klass shift: 3
Compressed class space size: 1073741824 Address: 0x0000000100000000

Heap:
 garbage-first heap   total 65536K, used 30905K [0x00000000fc000000, 0x0000000100000000)
  region size 1024K, 24 young (24576K), 3 survivors (3072K)
 Metaspace       used 15906K, capacity 16153K, committed 16256K, reserved 1062912K
  class space    used 1777K, capacity 1881K, committed 1920K, reserved 1048576K
Heap Regions: E=young(eden), S=young(survivor), O=old, HS=humongous(starts), HC=humongous(continues), CS=collection set, F=free, A=archive, TAMS=top-at-mark-start (previous, next)
|   0|0x00000000fc000000, 0x00000000fc100000, 0x00000000fc100000|100%|HS|  |TAMS 0x00000000fc000000, 0x00000000fc000000| Complete 
|   1|0x00000000fc100000, 0x00000000fc200000, 0x00000000fc200000|100%|HC|  |TAMS 0x00000000fc100000, 0x00000000fc100000| Complete 
|   2|0x00000000fc200000, 0x00000000fc300000, 0x00000000fc300000|100%|HC|  |TAMS 0x00000000fc200000, 0x00000000fc200000| Complete 
|   3|0x00000000fc300000, 0x00000000fc400000, 0x00000000fc400000|100%|HC|  |TAMS 0x00000000fc300000, 0x00000000fc300000| Complete 
|   4|0x00000000fc400000, 0x00000000fc500000, 0x00000000fc500000|100%| O|  |TAMS 0x00000000fc400000, 0x00000000fc400000| Untracked 
|   5|0x00000000fc500000, 0x00000000fc600000, 0x00000000fc600000|100%| O|  |TAMS 0x00000000fc500000, 0x00000000fc500000| Untracked 
|   6|0x00000000fc600000, 0x00000000fc700000, 0x00000000fc700000|100%| O|  |TAMS 0x00000000fc600000, 0x00000000fc600000| Untracked 
|   7|0x00000000fc700000, 0x00000000fc72e600, 0x00000000fc800000| 18%| O|  |TAMS 0x00000000fc700000, 0x00000000fc700000| Untracked 
|   8|0x00000000fc800000, 0x00000000fc800000, 0x00000000fc900000|  0%| F|  |TAMS 0x00000000fc800000, 0x00000000fc800000| Untracked 
|   9|0x00000000fc900000, 0x00000000fc900000, 0x00000000fca00000|  0%| F|  |TAMS 0x00000000fc900000, 0x00000000fc900000| Untracked 
|  10|0x00000000fca00000, 0x00000000fca00000, 0x00000000fcb00000|  0%| F|  |TAMS 0x00000000fca00000, 0x00000000fca00000| Untracked 
|  11|0x00000000fcb00000, 0x00000000fcb00000, 0x00000000fcc00000|  0%| F|  |TAMS 0x00000000fcb00000, 0x00000000fcb00000| Untracked 
|  12|0x00000000fcc00000, 0x00000000fcc00000, 0x00000000fcd00000|  0%| F|  |TAMS 0x00000000fcc00000, 0x00000000fcc00000| Untracked 
|  13|0x00000000fcd00000, 0x00000000fcd00000, 0x00000000fce00000|  0%| F|  |TAMS 0x00000000fcd00000, 0x00000000fcd00000| Untracked 
|  14|0x00000000fce00000, 0x00000000fce00000, 0x00000000fcf00000|  0%| F|  |TAMS 0x00000000fce00000, 0x00000000fce00000| Untracked 
|  15|0x00000000fcf00000, 0x00000000fcf00000, 0x00000000fd000000|  0%| F|  |TAMS 0x00000000fcf00000, 0x00000000fcf00000| Untracked 
|  16|0x00000000fd000000, 0x00000000fd000000, 0x00000000fd100000|  0%| F|  |TAMS 0x00000000fd000000, 0x00000000fd000000| Untracked 
|  17|0x00000000fd100000, 0x00000000fd100000, 0x00000000fd200000|  0%| F|  |TAMS 0x00000000fd100000, 0x00000000fd100000| Untracked 
|  18|0x00000000fd200000, 0x00000000fd200000, 0x00000000fd300000|  0%| F|  |TAMS 0x00000000fd200000, 0x00000000fd200000| Untracked 
|  19|0x00000000fd300000, 0x00000000fd300000, 0x00000000fd400000|  0%| F|  |TAMS 0x00000000fd300000, 0x00000000fd300000| Untracked 
|  20|0x00000000fd400000, 0x00000000fd400000, 0x00000000fd500000|  0%| F|  |TAMS 0x00000000fd400000, 0x00000000fd400000| Untracked 
|  21|0x00000000fd500000, 0x00000000fd500000, 0x00000000fd600000|  0%| F|  |TAMS 0x00000000fd500000, 0x00000000fd500000| Untracked 
|  22|0x00000000fd600000, 0x00000000fd600000, 0x00000000fd700000|  0%| F|  |TAMS 0x00000000fd600000, 0x00000000fd600000| Untracked 
|  23|0x00000000fd700000, 0x00000000fd700000, 0x00000000fd800000|  0%| F|  |TAMS 0x00000000fd700000, 0x00000000fd700000| Untracked 
|  24|0x00000000fd800000, 0x00000000fd800000, 0x00000000fd900000|  0%| F|  |TAMS 0x00000000fd800000, 0x00000000fd800000| Untracked 
|  25|0x00000000fd900000, 0x00000000fd900000, 0x00000000fda00000|  0%| F|  |TAMS 0x00000000fd900000, 0x00000000fd900000| Untracked 
|  26|0x00000000fda00000, 0x00000000fda00000, 0x00000000fdb00000|  0%| F|  |TAMS 0x00000000fda00000, 0x00000000fda00000| Untracked 
|  27|0x00000000fdb00000, 0x00000000fdb00000, 0x00000000fdc00000|  0%| F|  |TAMS 0x00000000fdb00000, 0x00000000fdb00000| Untracked 
|  28|0x00000000fdc00000, 0x00000000fdc00000, 0x00000000fdd00000|  0%| F|  |TAMS 0x00000000fdc00000, 0x00000000fdc00000| Untracked 
|  29|0x00000000fdd00000, 0x00000000fdd00000, 0x00000000fde00000|  0%| F|  |TAMS 0x00000000fdd00000, 0x00000000fdd00000| Untracked 
|  30|0x00000000fde00000, 0x00000000fde00000, 0x00000000fdf00000|  0%| F|  |TAMS 0x00000000fde00000, 0x00000000fde00000| Untracked 
|  31|0x00000000fdf00000, 0x00000000fdf00000, 0x00000000fe000000|  0%| F|  |TAMS 0x00000000fdf00000, 0x00000000fdf00000| Untracked 
|  32|0x00000000fe000000, 0x00000000fe000000, 0x00000000fe100000|  0%| F|  |TAMS 0x00000000fe000000, 0x00000000fe000000| Untracked 
|  33|0x00000000fe100000, 0x00000000fe100000, 0x00000000fe200000|  0%| F|  |TAMS 0x00000000fe100000, 0x00000000fe100000| Untracked 
|  34|0x00000000fe200000, 0x00000000fe200000, 0x00000000fe300000|  0%| F|  |TAMS 0x00000000fe200000, 0x00000000fe200000| Untracked 
|  35|0x00000000fe300000, 0x00000000fe300000, 0x00000000fe400000|  0%| F|  |TAMS 0x00000000fe300000, 0x00000000fe300000| Untracked 
|  36|0x00000000fe400000, 0x00000000fe400000, 0x00000000fe500000|  0%| F|  |TAMS 0x00000000fe400000, 0x00000000fe400000| Untracked 
|  37|0x00000000fe500000, 0x00000000fe600000, 0x00000000fe600000|100%| S|CS|TAMS 0x00000000fe500000, 0x00000000fe500000| Complete 
|  38|0x00000000fe600000, 0x00000000fe700000, 0x00000000fe700000|100%| S|CS|TAMS 0x00000000fe600000, 0x00000000fe600000| Complete 
|  39|0x00000000fe700000, 0x00000000fe800000, 0x00000000fe800000|100%| S|CS|TAMS 0x00000000fe700000, 0x00000000fe700000| Complete 
|  40|0x00000000fe800000, 0x00000000fe800000, 0x00000000fe900000|  0%| F|  |TAMS 0x00000000fe800000, 0x00000000fe800000| Untracked 
|  41|0x00000000fe900000, 0x00000000fe900000, 0x00000000fea00000|  0%| F|  |TAMS 0x00000000fe900000, 0x00000000fe900000| Untracked 
|  42|0x00000000fea00000, 0x00000000fea00000, 0x00000000feb00000|  0%| F|  |TAMS 0x00000000fea00000, 0x00000000fea00000| Untracked 
|  43|0x00000000feb00000, 0x00000000feb7b7b0, 0x00000000fec00000| 48%| E|  |TAMS 0x00000000feb00000, 0x00000000feb00000| Complete 
|  44|0x00000000fec00000, 0x00000000fed00000, 0x00000000fed00000|100%| E|CS|TAMS 0x00000000fec00000, 0x00000000fec00000| Complete 
|  45|0x00000000fed00000, 0x00000000fee00000, 0x00000000fee00000|100%| E|CS|TAMS 0x00000000fed00000, 0x00000000fed00000| Complete 
|  46|0x00000000fee00000, 0x00000000fef00000, 0x00000000fef00000|100%| E|CS|TAMS 0x00000000fee00000, 0x00000000fee00000| Complete 
|  47|0x00000000fef00000, 0x00000000ff000000, 0x00000000ff000000|100%| E|CS|TAMS 0x00000000fef00000, 0x00000000fef00000| Complete 
|  48|0x00000000ff000000, 0x00000000ff100000, 0x00000000ff100000|100%| E|CS|TAMS 0x00000000ff000000, 0x00000000ff000000| Complete 
|  49|0x00000000ff100000, 0x00000000ff200000, 0x00000000ff200000|100%| E|CS|TAMS 0x00000000ff100000, 0x00000000ff100000| Complete 
|  50|0x00000000ff200000, 0x00000000ff300000, 0x00000000ff300000|100%| E|CS|TAMS 0x00000000ff200000, 0x00000000ff200000| Complete 
|  51|0x00000000ff300000, 0x00000000ff400000, 0x00000000ff400000|100%| E|CS|TAMS 0x00000000ff300000, 0x00000000ff300000| Complete 
|  52|0x00000000ff400000, 0x00000000ff500000, 0x00000000ff500000|100%| E|CS|TAMS 0x00000000ff400000, 0x00000000ff400000| Complete 
|  53|0x00000000ff500000, 0x00000000ff600000, 0x00000000ff600000|100%| E|CS|TAMS 0x00000000ff500000, 0x00000000ff500000| Complete 
|  54|0x00000000ff600000, 0x00000000ff700000, 0x00000000ff700000|100%| E|CS|TAMS 0x00000000ff600000, 0x00000000ff600000| Complete 
|  55|0x00000000ff700000, 0x00000000ff800000, 0x00000000ff800000|100%| E|CS|TAMS 0x00000000ff700000, 0x00000000ff700000| Complete 
|  56|0x00000000ff800000, 0x00000000ff900000, 0x00000000ff900000|100%| E|CS|TAMS 0x00000000ff800000, 0x00000000ff800000| Complete 
|  57|0x00000000ff900000, 0x00000000ffa00000, 0x00000000ffa00000|100%| E|CS|TAMS 0x00000000ff900000, 0x00000000ff900000| Complete 
|  58|0x00000000ffa00000, 0x00000000ffb00000, 0x00000000ffb00000|100%| E|CS|TAMS 0x00000000ffa00000, 0x00000000ffa00000| Complete 
|  59|0x00000000ffb00000, 0x00000000ffc00000, 0x00000000ffc00000|100%| E|CS|TAMS 0x00000000ffb00000, 0x00000000ffb00000| Complete 
|  60|0x00000000ffc00000, 0x00000000ffd00000, 0x00000000ffd00000|100%| E|CS|TAMS 0x00000000ffc00000, 0x00000000ffc00000| Complete 
|  61|0x00000000ffd00000, 0x00000000ffe00000, 0x00000000ffe00000|100%| E|CS|TAMS 0x00000000ffd00000, 0x00000000ffd00000| Complete 
|  62|0x00000000ffe00000, 0x00000000fff00000, 0x00000000fff00000|100%| E|CS|TAMS 0x00000000ffe00000, 0x00000000ffe00000| Complete 
|  63|0x00000000fff00000, 0x0000000100000000, 0x0000000100000000|100%| E|CS|TAMS 0x00000000fff00000, 0x00000000fff00000| Complete 

Card table byte_map: [0x000001a154290000,0x000001a1542b0000] _byte_map_base: 0x000001a153ab0000

Marking Bits (Prev, Next): (CMBitMap*) 0x000001a1562ce488, (CMBitMap*) 0x000001a1562ce4c0
 Prev Bits: [0x000001a16dd70000, 0x000001a16de70000)
 Next Bits: [0x000001a16de70000, 0x000001a16df70000)

Polling page: 0x000001a154240000

Metaspace:

Usage:
  Non-class:     13.94 MB capacity,    13.80 MB ( 99%) used,   121.24 KB ( <1%) free+waste,    22.75 KB ( <1%) overhead. 
      Class:      1.84 MB capacity,     1.74 MB ( 95%) used,    91.88 KB (  5%) free+waste,    11.13 KB ( <1%) overhead. 
       Both:     15.77 MB capacity,    15.53 MB ( 98%) used,   213.13 KB (  1%) free+waste,    33.88 KB ( <1%) overhead. 

Virtual space:
  Non-class space:       14.00 MB reserved,      14.00 MB (100%) committed 
      Class space:        1.00 GB reserved,       1.88 MB ( <1%) committed 
             Both:        1.01 GB reserved,      15.88 MB (  2%) committed 

Chunk freelists:
   Non-Class:  0 bytes
       Class:  7.00 KB
        Both:  7.00 KB

MaxMetaspaceSize: 17179869184.00 GB
CompressedClassSpaceSize: 1.00 GB
Initial GC threshold: 20.80 MB
Current GC threshold: 20.80 MB
CDS: off

CodeHeap 'non-profiled nmethods': size=120000Kb used=515Kb max_used=515Kb free=119484Kb
 bounds [0x000001a166500000, 0x000001a166770000, 0x000001a16da30000]
CodeHeap 'profiled nmethods': size=120000Kb used=3012Kb max_used=3012Kb free=116987Kb
 bounds [0x000001a15efd0000, 0x000001a15f2d0000, 0x000001a166500000]
CodeHeap 'non-nmethods': size=5760Kb used=1170Kb max_used=1191Kb free=4590Kb
 bounds [0x000001a15ea30000, 0x000001a15eca0000, 0x000001a15efd0000]
 total_blobs=1931 nmethods=1509 adapters=335
 compilation: enabled
              stopped_count=0, restarted_count=0
 full_count=0

Compilation events (20 events):
Event: 46.204 Thread 0x000001a171183000 nmethod 1505 0x000001a15f2bba10 code [0x000001a15f2bbc00, 0x000001a15f2bc298]
Event: 47.069 Thread 0x000001a171180800 1506       4       java.util.HashSet::add (20 bytes)
Event: 47.265 Thread 0x000001a171180800 nmethod 1506 0x000001a16657da90 code [0x000001a16657dd00, 0x000001a1665802f0]
Event: 47.592 Thread 0x000001a171183000 1507   !   3       sun.nio.cs.StreamEncoder::write (78 bytes)
Event: 47.594 Thread 0x000001a171183000 nmethod 1507 0x000001a15f2bc410 code [0x000001a15f2bc680, 0x000001a15f2bd148]
Event: 47.594 Thread 0x000001a171183000 1508       3       sun.nio.cs.StreamEncoder::writeBytes (132 bytes)
Event: 47.595 Thread 0x000001a171183000 nmethod 1508 0x000001a15f2bd710 code [0x000001a15f2bd980, 0x000001a15f2be378]
Event: 47.595 Thread 0x000001a171183000 1509   !   3       java.io.PrintStream::write (69 bytes)
Event: 47.596 Thread 0x000001a171183000 nmethod 1509 0x000001a15f2be710 code [0x000001a15f2be940, 0x000001a15f2bf058]
Event: 47.596 Thread 0x000001a171183000 1510  s    3       java.io.BufferedOutputStream::write (67 bytes)
Event: 47.597 Thread 0x000001a171183000 nmethod 1510 0x000001a15f2bf390 code [0x000001a15f2bf5a0, 0x000001a15f2bfd98]
Event: 47.597 Thread 0x000001a171183000 1511   !   3       java.io.PrintStream::flush (35 bytes)
Event: 47.598 Thread 0x000001a171183000 nmethod 1511 0x000001a15f2bff90 code [0x000001a15f2c0180, 0x000001a15f2c0698]
Event: 47.621 Thread 0x000001a171180800 1512       4       java.util.ArrayList$Itr::hasNext (20 bytes)
Event: 47.622 Thread 0x000001a171180800 nmethod 1512 0x000001a166580b10 code [0x000001a166580ca0, 0x000001a166580d38]
Event: 47.772 Thread 0x000001a171183000 1513       3       java.util.ArrayList::toArray (12 bytes)
Event: 47.773 Thread 0x000001a171183000 nmethod 1513 0x000001a15f2c0890 code [0x000001a15f2c0a60, 0x000001a15f2c0c28]
Event: 47.773 Thread 0x000001a171183000 1514       3       com.google.common.base.Preconditions::checkNotNull (14 bytes)
Event: 47.774 Thread 0x000001a171183000 nmethod 1514 0x000001a15f2c0d10 code [0x000001a15f2c0ee0, 0x000001a15f2c10a8]
Event: 52.264 Thread 0x000001a171183000 1516   !   3       java.util.concurrent.ScheduledThreadPoolExecutor$DelayedWorkQueue::take (203 bytes)

GC Heap History (2 events):
Event: 1.067 GC heap before
{Heap before GC invocations=0 (full 0):
 garbage-first heap   total 65536K, used 27648K [0x00000000fc000000, 0x0000000100000000)
  region size 1024K, 24 young (24576K), 0 survivors (0K)
 Metaspace       used 10612K, capacity 10900K, committed 11264K, reserved 1058816K
  class space    used 1063K, capacity 1167K, committed 1280K, reserved 1048576K
}
Event: 1.075 GC heap after
{Heap after GC invocations=1 (full 0):
 garbage-first heap   total 65536K, used 10425K [0x00000000fc000000, 0x0000000100000000)
  region size 1024K, 3 young (3072K), 3 survivors (3072K)
 Metaspace       used 10612K, capacity 10900K, committed 11264K, reserved 1058816K
  class space    used 1063K, capacity 1167K, committed 1280K, reserved 1048576K
}

Deoptimization events (20 events):
Event: 1.006 Thread 0x000001a1562b0800 Uncommon trap: trap_request=0xffffff4d fr.pc=0x000001a166542ed4 relative=0x0000000000000214
Event: 1.006 Thread 0x000001a1562b0800 Uncommon trap: reason=unstable_if action=reinterpret pc=0x000001a166542ed4 method=java.util.HashMap.hash(Ljava/lang/Object;)I @ 1 c2
Event: 1.006 Thread 0x000001a1562b0800 DEOPT PACKING pc=0x000001a166542ed4 sp=0x0000000d1c6fd270
Event: 1.006 Thread 0x000001a1562b0800 DEOPT UNPACKING pc=0x000001a15ea385af sp=0x0000000d1c6fd1a8 mode 2
Event: 1.464 Thread 0x000001a1562b0800 DEOPT PACKING pc=0x000001a15f0785ff sp=0x0000000d1c6f84e0
Event: 1.464 Thread 0x000001a1562b0800 DEOPT UNPACKING pc=0x000001a15ea79d0e sp=0x0000000d1c6f7930 mode 0
Event: 1.474 Thread 0x000001a1562b0800 DEOPT PACKING pc=0x000001a15f0ce430 sp=0x0000000d1c6f88c0
Event: 1.474 Thread 0x000001a1562b0800 DEOPT UNPACKING pc=0x000001a15ea79d0e sp=0x0000000d1c6f7dd8 mode 0
Event: 1.487 Thread 0x000001a1562b0800 Uncommon trap: trap_request=0xffffff4d fr.pc=0x000001a16655b670 relative=0x00000000000001b0
Event: 1.487 Thread 0x000001a1562b0800 Uncommon trap: reason=unstable_if action=reinterpret pc=0x000001a16655b670 method=java.util.HashMap.getNode(ILjava/lang/Object;)Ljava/util/HashMap$Node; @ 129 c2
Event: 1.487 Thread 0x000001a1562b0800 DEOPT PACKING pc=0x000001a16655b670 sp=0x0000000d1c6fa830
Event: 1.487 Thread 0x000001a1562b0800 DEOPT UNPACKING pc=0x000001a15ea385af sp=0x0000000d1c6fa730 mode 2
Event: 2.046 Thread 0x000001a1562b0800 Uncommon trap: trap_request=0xffffff4d fr.pc=0x000001a1665372a4 relative=0x0000000000000564
Event: 2.046 Thread 0x000001a1562b0800 Uncommon trap: reason=unstable_if action=reinterpret pc=0x000001a1665372a4 method=java.lang.AbstractStringBuilder.append(Ljava/lang/String;)Ljava/lang/AbstractStringBuilder; @ 1 c2
Event: 2.046 Thread 0x000001a1562b0800 DEOPT PACKING pc=0x000001a1665372a4 sp=0x0000000d1c6fc810
Event: 2.046 Thread 0x000001a1562b0800 DEOPT UNPACKING pc=0x000001a15ea385af sp=0x0000000d1c6fc790 mode 2
Event: 2.046 Thread 0x000001a1562b0800 Uncommon trap: trap_request=0xffffff4d fr.pc=0x000001a166538780 relative=0x0000000000000540
Event: 2.046 Thread 0x000001a1562b0800 Uncommon trap: reason=unstable_if action=reinterpret pc=0x000001a166538780 method=java.lang.AbstractStringBuilder.append(Ljava/lang/String;)Ljava/lang/AbstractStringBuilder; @ 1 c2
Event: 2.046 Thread 0x000001a1562b0800 DEOPT PACKING pc=0x000001a166538780 sp=0x0000000d1c6fc7b0
Event: 2.046 Thread 0x000001a1562b0800 DEOPT UNPACKING pc=0x000001a15ea385af sp=0x0000000d1c6fc798 mode 2

Classes redefined (0 events):
No events

Internal exceptions (20 events):
Event: 47.773 Thread 0x000001a171457800 Exception <a 'java/io/IOException'{0x00000000feb690e8}> (0x00000000feb690e8) thrown at [s\src\hotspot\share\prims\jni.cpp, line 617]
Event: 47.773 Thread 0x000001a171457800 Exception <a 'java/io/IOException'{0x00000000feb696a0}> (0x00000000feb696a0) thrown at [s\src\hotspot\share\prims\jni.cpp, line 617]
Event: 47.773 Thread 0x000001a171457800 Exception <a 'java/io/IOException'{0x00000000feb6a018}> (0x00000000feb6a018) thrown at [s\src\hotspot\share\prims\jni.cpp, line 617]
Event: 47.773 Thread 0x000001a171457800 Exception <a 'java/io/IOException'{0x00000000feb6a5d0}> (0x00000000feb6a5d0) thrown at [s\src\hotspot\share\prims\jni.cpp, line 617]
Event: 47.773 Thread 0x000001a171457800 Exception <a 'java/io/IOException'{0x00000000feb6a998}> (0x00000000feb6a998) thrown at [s\src\hotspot\share\prims\jni.cpp, line 617]
Event: 47.773 Thread 0x000001a171457800 Exception <a 'java/io/IOException'{0x00000000feb6af50}> (0x00000000feb6af50) thrown at [s\src\hotspot\share\prims\jni.cpp, line 617]
Event: 47.773 Thread 0x000001a171457800 Exception <a 'java/io/IOException'{0x00000000feb6b308}> (0x00000000feb6b308) thrown at [s\src\hotspot\share\prims\jni.cpp, line 617]
Event: 47.773 Thread 0x000001a171457800 Exception <a 'java/io/IOException'{0x00000000feb6b8c0}> (0x00000000feb6b8c0) thrown at [s\src\hotspot\share\prims\jni.cpp, line 617]
Event: 47.773 Thread 0x000001a171457800 Exception <a 'java/io/IOException'{0x00000000feb6c248}> (0x00000000feb6c248) thrown at [s\src\hotspot\share\prims\jni.cpp, line 617]
Event: 47.773 Thread 0x000001a171457800 Exception <a 'java/io/IOException'{0x00000000feb6c800}> (0x00000000feb6c800) thrown at [s\src\hotspot\share\prims\jni.cpp, line 617]
Event: 47.773 Thread 0x000001a171457800 Exception <a 'java/io/IOException'{0x00000000feb6cbc8}> (0x00000000feb6cbc8) thrown at [s\src\hotspot\share\prims\jni.cpp, line 617]
Event: 47.773 Thread 0x000001a171457800 Exception <a 'java/io/IOException'{0x00000000feb6d180}> (0x00000000feb6d180) thrown at [s\src\hotspot\share\prims\jni.cpp, line 617]
Event: 47.773 Thread 0x000001a171457800 Exception <a 'java/io/IOException'{0x00000000feb6d538}> (0x00000000feb6d538) thrown at [s\src\hotspot\share\prims\jni.cpp, line 617]
Event: 47.773 Thread 0x000001a171457800 Exception <a 'java/io/IOException'{0x00000000feb6daf0}> (0x00000000feb6daf0) thrown at [s\src\hotspot\share\prims\jni.cpp, line 617]
Event: 47.773 Thread 0x000001a171457800 Exception <a 'java/io/IOException'{0x00000000feb6e498}> (0x00000000feb6e498) thrown at [s\src\hotspot\share\prims\jni.cpp, line 617]
Event: 47.773 Thread 0x000001a171457800 Exception <a 'java/io/IOException'{0x00000000feb6ea50}> (0x00000000feb6ea50) thrown at [s\src\hotspot\share\prims\jni.cpp, line 617]
Event: 47.774 Thread 0x000001a171457800 Exception <a 'java/io/IOException'{0x00000000feb6ee18}> (0x00000000feb6ee18) thrown at [s\src\hotspot\share\prims\jni.cpp, line 617]
Event: 47.774 Thread 0x000001a171457800 Exception <a 'java/io/IOException'{0x00000000feb6f3d0}> (0x00000000feb6f3d0) thrown at [s\src\hotspot\share\prims\jni.cpp, line 617]
Event: 47.774 Thread 0x000001a171457800 Exception <a 'java/io/IOException'{0x00000000feb6f788}> (0x00000000feb6f788) thrown at [s\src\hotspot\share\prims\jni.cpp, line 617]
Event: 47.774 Thread 0x000001a171457800 Exception <a 'java/io/IOException'{0x00000000feb6fd40}> (0x00000000feb6fd40) thrown at [s\src\hotspot\share\prims\jni.cpp, line 617]

Events (20 events):
Event: 44.892 loading class java/io/ObjectInputFilter$Config
Event: 44.893 loading class java/io/ObjectInputFilter$Config done
Event: 44.893 loading class java/io/ObjectInputFilter
Event: 44.893 loading class java/io/ObjectInputFilter done
Event: 44.894 loading class jdk/internal/misc/JavaObjectInputFilterAccess
Event: 44.894 loading class jdk/internal/misc/JavaObjectInputFilterAccess done
Event: 44.894 loading class java/io/Bits
Event: 44.894 loading class java/io/Bits done
Event: 44.894 loading class org/gradle/internal/serialize/ExceptionReplacingObjectInputStream$1
Event: 44.894 loading class org/gradle/internal/serialize/ExceptionReplacingObjectInputStream$1 done
Event: 44.972 loading class com/google/common/base/Objects
Event: 44.972 loading class com/google/common/base/Objects done
Event: 44.972 Executing VM operation: RevokeBias
Event: 44.973 Executing VM operation: RevokeBias done
Event: 44.973 Executing VM operation: RevokeBias
Event: 44.973 Executing VM operation: RevokeBias done
Event: 44.973 Executing VM operation: RevokeBias
Event: 44.973 Executing VM operation: RevokeBias done
Event: 44.973 loading class com/google/common/base/ExtraObjectsMethodsForWeb
Event: 44.973 loading class com/google/common/base/ExtraObjectsMethodsForWeb done


Dynamic libraries:
0x00007ff766fc0000 - 0x00007ff766fcd000 	C:\Program Files\Microsoft\jdk-11.0.20.8-hotspot\bin\java.exe
0x00007ffeff060000 - 0x00007ffeff269000 	C:\Windows\SYSTEM32\ntdll.dll
0x00007ffefd4e0000 - 0x00007ffefd59d000 	C:\Windows\System32\KERNEL32.DLL
0x00007ffefca00000 - 0x00007ffefcd84000 	C:\Windows\System32\KERNELBASE.dll
0x00007ffefc4f0000 - 0x00007ffefc601000 	C:\Windows\System32\ucrtbase.dll
0x00007ffed7270000 - 0x00007ffed7287000 	C:\Program Files\Microsoft\jdk-11.0.20.8-hotspot\bin\jli.dll
0x00007ffe93950000 - 0x00007ffe93965000 	C:\Program Files\Microsoft\jdk-11.0.20.8-hotspot\bin\VCRUNTIME140.dll
0x00007ffefe400000 - 0x00007ffefe5ad000 	C:\Windows\System32\USER32.dll
0x00007ffefc740000 - 0x00007ffefc766000 	C:\Windows\System32\win32u.dll
0x00007ffefe3d0000 - 0x00007ffefe3fa000 	C:\Windows\System32\GDI32.dll
0x00007ffefcd90000 - 0x00007ffefceae000 	C:\Windows\System32\gdi32full.dll
0x00007ffefc770000 - 0x00007ffefc80d000 	C:\Windows\System32\msvcp_win.dll
0x00007ffeded20000 - 0x00007ffedefc5000 	C:\Windows\WinSxS\amd64_microsoft.windows.common-controls_6595b64144ccf1df_6.0.22000.120_none_9d947278b86cc467\COMCTL32.dll
0x00007ffefedf0000 - 0x00007ffefee93000 	C:\Windows\System32\msvcrt.dll
0x00007ffefd340000 - 0x00007ffefd371000 	C:\Windows\System32\IMM32.DLL
0x00007ffe8b0b0000 - 0x00007ffe8b14b000 	C:\Program Files\Microsoft\jdk-11.0.20.8-hotspot\bin\msvcp140.dll
0x00007ffe8a510000 - 0x00007ffe8b0a6000 	C:\Program Files\Microsoft\jdk-11.0.20.8-hotspot\bin\server\jvm.dll
0x00007ffefdb50000 - 0x00007ffefdbfe000 	C:\Windows\System32\ADVAPI32.dll
0x00007ffefdf40000 - 0x00007ffefdfde000 	C:\Windows\System32\sechost.dll
0x00007ffefda20000 - 0x00007ffefdb41000 	C:\Windows\System32\RPCRT4.dll
0x00007ffefceb0000 - 0x00007ffefceb8000 	C:\Windows\System32\PSAPI.DLL
0x00007ffecba20000 - 0x00007ffecba29000 	C:\Windows\SYSTEM32\WSOCK32.dll
0x00007ffefe5b0000 - 0x00007ffefe61f000 	C:\Windows\System32\WS2_32.dll
0x00007ffef4930000 - 0x00007ffef4963000 	C:\Windows\SYSTEM32\WINMM.dll
0x00007ffef0a50000 - 0x00007ffef0a5a000 	C:\Windows\SYSTEM32\VERSION.dll
0x00007ffefb590000 - 0x00007ffefb5a8000 	C:\Windows\SYSTEM32\kernel.appcore.dll
0x00007ffec94f0000 - 0x00007ffec9500000 	C:\Program Files\Microsoft\jdk-11.0.20.8-hotspot\bin\verify.dll
0x00007ffef9ff0000 - 0x00007ffefa211000 	C:\Windows\SYSTEM32\DBGHELP.DLL
0x00007ffee0f70000 - 0x00007ffee0fa1000 	C:\Windows\SYSTEM32\dbgcore.DLL
0x00007ffefc810000 - 0x00007ffefc88f000 	C:\Windows\System32\bcryptPrimitives.dll
0x00007ffe8a4e0000 - 0x00007ffe8a508000 	C:\Program Files\Microsoft\jdk-11.0.20.8-hotspot\bin\java.dll
0x00007ffec8f90000 - 0x00007ffec8f9a000 	C:\Program Files\Microsoft\jdk-11.0.20.8-hotspot\bin\jimage.dll
0x00007ffe936b0000 - 0x00007ffe936c8000 	C:\Program Files\Microsoft\jdk-11.0.20.8-hotspot\bin\zip.dll
0x00007ffefe620000 - 0x00007ffefede5000 	C:\Windows\System32\SHELL32.dll
0x00007ffefa580000 - 0x00007ffefade2000 	C:\Windows\SYSTEM32\windows.storage.dll
0x00007ffefdfe0000 - 0x00007ffefe356000 	C:\Windows\System32\combase.dll
0x00007ffefa410000 - 0x00007ffefa577000 	C:\Windows\SYSTEM32\wintypes.dll
0x00007ffefef30000 - 0x00007ffeff01a000 	C:\Windows\System32\SHCORE.dll
0x00007ffefe370000 - 0x00007ffefe3cd000 	C:\Windows\System32\shlwapi.dll
0x00007ffefc420000 - 0x00007ffefc445000 	C:\Windows\SYSTEM32\profapi.dll
0x00007ffe8a270000 - 0x00007ffe8a289000 	C:\Program Files\Microsoft\jdk-11.0.20.8-hotspot\bin\net.dll
0x00007ffef5490000 - 0x00007ffef55a4000 	C:\Windows\SYSTEM32\WINHTTP.dll
0x00007ffefba80000 - 0x00007ffefbae7000 	C:\Windows\system32\mswsock.dll
0x00007ffe8a250000 - 0x00007ffe8a263000 	C:\Program Files\Microsoft\jdk-11.0.20.8-hotspot\bin\nio.dll
0x00007ffee51a0000 - 0x00007ffee51c7000 	C:\Users\Ayush21 Lapy\.gradle\native\68d5fa5c4cc2d200863cafc0d521ce42e7d3e7ee720ec0a83991735586a16f82\windows-amd64\native-platform.dll
0x00007ffec59e0000 - 0x00007ffec59e9000 	C:\Program Files\Microsoft\jdk-11.0.20.8-hotspot\bin\management.dll
0x00007ffec5950000 - 0x00007ffec595b000 	C:\Program Files\Microsoft\jdk-11.0.20.8-hotspot\bin\management_ext.dll
0x00007ffefbcf0000 - 0x00007ffefbd08000 	C:\Windows\SYSTEM32\CRYPTSP.dll
0x00007ffefb4f0000 - 0x00007ffefb525000 	C:\Windows\system32\rsaenh.dll
0x00007ffefbb80000 - 0x00007ffefbbac000 	C:\Windows\SYSTEM32\USERENV.dll
0x00007ffefbec0000 - 0x00007ffefbee7000 	C:\Windows\SYSTEM32\bcrypt.dll
0x00007ffefbd10000 - 0x00007ffefbd1c000 	C:\Windows\SYSTEM32\CRYPTBASE.dll
0x00007ffefb050000 - 0x00007ffefb07d000 	C:\Windows\SYSTEM32\IPHLPAPI.DLL
0x00007ffefdf30000 - 0x00007ffefdf39000 	C:\Windows\System32\NSI.dll
0x00007ffef4c60000 - 0x00007ffef4c79000 	C:\Windows\SYSTEM32\dhcpcsvc6.DLL
0x00007ffef4d80000 - 0x00007ffef4d9e000 	C:\Windows\SYSTEM32\dhcpcsvc.DLL
0x00007ffefb0c0000 - 0x00007ffefb1a7000 	C:\Windows\SYSTEM32\DNSAPI.dll

dbghelp: loaded successfully - version: 4.0.5 - missing functions: none
symbol engine: initialized successfully - sym options: 0x614 - pdb path: .;C:\Program Files\Microsoft\jdk-11.0.20.8-hotspot\bin;C:\Windows\SYSTEM32;C:\Windows\WinSxS\amd64_microsoft.windows.common-controls_6595b64144ccf1df_6.0.22000.120_none_9d947278b86cc467;C:\Program Files\Microsoft\jdk-11.0.20.8-hotspot\bin\server;C:\Users\Ayush21 Lapy\.gradle\native\68d5fa5c4cc2d200863cafc0d521ce42e7d3e7ee720ec0a83991735586a16f82\windows-amd64

VM Arguments:
jvm_args: -Xmx64m -Xms64m -Dorg.gradle.appname=gradlew 
java_command: org.gradle.wrapper.GradleWrapperMain app:installDebug -PreactNativeDevServerPort=8081
java_class_path (initial): D:\reactNatve\firstProgram\android\\gradle\wrapper\gradle-wrapper.jar
Launcher Type: SUN_STANDARD

[Global flags]
     intx CICompilerCount                          = 4                                         {product} {ergonomic}
     uint ConcGCThreads                            = 2                                         {product} {ergonomic}
     uint G1ConcRefinementThreads                  = 8                                         {product} {ergonomic}
   size_t G1HeapRegionSize                         = 1048576                                   {product} {ergonomic}
    uintx GCDrainStackTargetSize                   = 64                                        {product} {ergonomic}
   size_t InitialHeapSize                          = 67108864                                  {product} {command line}
   size_t MarkStackSize                            = 4194304                                   {product} {ergonomic}
   size_t MaxHeapSize                              = 67108864                                  {product} {command line}
   size_t MaxNewSize                               = 39845888                                  {product} {ergonomic}
   size_t MinHeapDeltaBytes                        = 1048576                                   {product} {ergonomic}
    uintx NonNMethodCodeHeapSize                   = 5836300                                {pd product} {ergonomic}
    uintx NonProfiledCodeHeapSize                  = 122910970                              {pd product} {ergonomic}
    uintx ProfiledCodeHeapSize                     = 122910970                              {pd product} {ergonomic}
    uintx ReservedCodeCacheSize                    = 251658240                              {pd product} {ergonomic}
     bool SegmentedCodeCache                       = true                                      {product} {ergonomic}
     bool UseCompressedClassPointers               = true                                 {lp64_product} {ergonomic}
     bool UseCompressedOops                        = true                                 {lp64_product} {ergonomic}
     bool UseG1GC                                  = true                                      {product} {ergonomic}
     bool UseLargePagesIndividualAllocation        = false                                  {pd product} {ergonomic}

Logging:
Log output configuration:
 #0: stdout all=warning uptime,level,tags
 #1: stderr all=off uptime,level,tags

Environment Variables:
JAVA_HOME=C:\Program Files\Microsoft\jdk-11.0.20.8-hotspot\
CLASSPATH=D:\reactNatve\firstProgram\android\\gradle\wrapper\gradle-wrapper.jar
PATH=D:\reactNatve\firstProgram\node_modules\.bin;D:\reactNatve\firstProgram\node_modules\.bin;D:\reactNatve\node_modules\.bin;D:\node_modules\.bin;C:\Program Files\nodejs\node_modules\npm\node_modules\@npmcli\run-script\lib\node-gyp-bin;D:\reactNatve\firstProgram\node_modules\.bin;D:\reactNatve\node_modules\.bin;D:\node_modules\.bin;C:\Program Files\nodejs\node_modules\npm\node_modules\@npmcli\run-script\lib\node-gyp-bin;C:\Program Files\Microsoft\jdk-11.0.20.8-hotspot\bin;C:\Program Files\Common Files\Oracle\Java\javapath;C:\Windows\system32;C:\Windows;C:\Windows\System32\Wbem;C:\Windows\System32\WindowsPowerShell\v1.0\;C:\Windows\System32\OpenSSH\;C:\src\flutter\bin;C:\msys64\ucrt64\bin;C:\Program Files\Cloudflare\Cloudflare WARP\;C:\Program Files\Git\cmd;C:\Android\Sdk\platform-tools;C:\ProgramData\chocolatey\bin;C:\Program Files\nodejs\;C:\Users\Ayush21 Lapy\AppData\Local\Microsoft\WindowsApps;C:\Users\Ayush21 Lapy\AppData\Local\Programs\Microsoft VS Code\bin;C:\Users\Ayush21 Lapy\AppData\Local\GitHubDesktop\bin;C:\ProgramData\Ayush21 Lapy\GitHubDesktop\bin;C:\Users\Ayush21 Lapy\AppData\Roaming\npm
USERNAME=Ayush21 Lapy
LANG=en_US.UTF-8
OS=Windows_NT
PROCESSOR_IDENTIFIER=Intel64 Family 6 Model 140 Stepping 2, GenuineIntel
TMP=C:\Users\AYUSH2~1\AppData\Local\Temp
TEMP=C:\Users\AYUSH2~1\AppData\Local\Temp



---------------  S Y S T E M  ---------------

OS: Windows 11 , 64 bit Build 22000 (10.0.22000.2538)
OS uptime: 3 days 4:33 hours
Hyper-V role detected

CPU:total 8 (initial active 8) (4 cores per cpu, 2 threads per core) family 6 model 140 stepping 2 microcode 0x22, cmov, cx8, fxsr, mmx, sse, sse2, sse3, ssse3, sse4.1, sse4.2, popcnt, avx, avx2, aes, clmul, erms, 3dnowpref, lzcnt, ht, tsc, tscinvbit, bmi1, bmi2, adx, evex, sha, fma

Memory: 4k page, system-wide physical 16167M (389M free)
TotalPageFile size 34917M (AvailPageFile size 1M)
current process WorkingSet (physical memory assigned to process): 88M, peak: 93M
current process commit charge ("private bytes"): 161M, peak: 165M

vm_info: OpenJDK 64-Bit Server VM (11.0.20+8-LTS) for windows-amd64 JRE (11.0.20+8-LTS), built on Jul  7 2023 17:05:21 by "MicrosoftCorporation" with MS VC++ 15.9 (VS2017)

END.
